{"total": {"lines":{"total":5364,"covered":4256,"skipped":0,"pct":79.34},"statements":{"total":5364,"covered":4256,"skipped":0,"pct":79.34},"functions":{"total":419,"covered":344,"skipped":0,"pct":82.1},"branches":{"total":1583,"covered":1354,"skipped":0,"pct":85.53},"branchesTrue":{"total":0,"covered":0,"skipped":0,"pct":100}}
,"/Users/alvinshen/Documents/Workspace/AI-Vibe-Coding-for-Video/src/background.ts": {"lines":{"total":5,"covered":0,"skipped":0,"pct":0},"functions":{"total":1,"covered":1,"skipped":0,"pct":100},"statements":{"total":5,"covered":0,"skipped":0,"pct":0},"branches":{"total":1,"covered":1,"skipped":0,"pct":100}}
,"/Users/alvinshen/Documents/Workspace/AI-Vibe-Coding-for-Video/src/components/BgmPanel.tsx": {"lines":{"total":71,"covered":0,"skipped":0,"pct":0},"functions":{"total":1,"covered":0,"skipped":0,"pct":0},"statements":{"total":71,"covered":0,"skipped":0,"pct":0},"branches":{"total":1,"covered":0,"skipped":0,"pct":0}}
,"/Users/alvinshen/Documents/Workspace/AI-Vibe-Coding-for-Video/src/components/CharacterLibrary.tsx": {"lines":{"total":90,"covered":46,"skipped":0,"pct":51.11},"functions":{"total":7,"covered":1,"skipped":0,"pct":14.28},"statements":{"total":90,"covered":46,"skipped":0,"pct":51.11},"branches":{"total":10,"covered":5,"skipped":0,"pct":50}}
,"/Users/alvinshen/Documents/Workspace/AI-Vibe-Coding-for-Video/src/components/CharacterPanel.tsx": {"lines":{"total":231,"covered":161,"skipped":0,"pct":69.69},"functions":{"total":18,"covered":8,"skipped":0,"pct":44.44},"statements":{"total":231,"covered":161,"skipped":0,"pct":69.69},"branches":{"total":33,"covered":21,"skipped":0,"pct":63.63}}
,"/Users/alvinshen/Documents/Workspace/AI-Vibe-Coding-for-Video/src/components/DraftsPanel.tsx": {"lines":{"total":85,"covered":0,"skipped":0,"pct":0},"functions":{"total":1,"covered":0,"skipped":0,"pct":0},"statements":{"total":85,"covered":0,"skipped":0,"pct":0},"branches":{"total":1,"covered":0,"skipped":0,"pct":0}}
,"/Users/alvinshen/Documents/Workspace/AI-Vibe-Coding-for-Video/src/components/ExportPanel.tsx": {"lines":{"total":131,"covered":105,"skipped":0,"pct":80.15},"functions":{"total":9,"covered":6,"skipped":0,"pct":66.66},"statements":{"total":131,"covered":105,"skipped":0,"pct":80.15},"branches":{"total":17,"covered":12,"skipped":0,"pct":70.58}}
,"/Users/alvinshen/Documents/Workspace/AI-Vibe-Coding-for-Video/src/components/OneTimeKeyInput.tsx": {"lines":{"total":53,"covered":53,"skipped":0,"pct":100},"functions":{"total":4,"covered":4,"skipped":0,"pct":100},"statements":{"total":53,"covered":53,"skipped":0,"pct":100},"branches":{"total":21,"covered":19,"skipped":0,"pct":90.47}}
,"/Users/alvinshen/Documents/Workspace/AI-Vibe-Coding-for-Video/src/components/SettingsPanel.tsx": {"lines":{"total":282,"covered":0,"skipped":0,"pct":0},"functions":{"total":1,"covered":0,"skipped":0,"pct":0},"statements":{"total":282,"covered":0,"skipped":0,"pct":0},"branches":{"total":1,"covered":0,"skipped":0,"pct":0}}
,"/Users/alvinshen/Documents/Workspace/AI-Vibe-Coding-for-Video/src/components/ShotCard.tsx": {"lines":{"total":444,"covered":305,"skipped":0,"pct":68.69},"functions":{"total":28,"covered":8,"skipped":0,"pct":28.57},"statements":{"total":444,"covered":305,"skipped":0,"pct":68.69},"branches":{"total":65,"covered":47,"skipped":0,"pct":72.3}}
,"/Users/alvinshen/Documents/Workspace/AI-Vibe-Coding-for-Video/src/components/ShotList.tsx": {"lines":{"total":446,"covered":387,"skipped":0,"pct":86.77},"functions":{"total":33,"covered":21,"skipped":0,"pct":63.63},"statements":{"total":446,"covered":387,"skipped":0,"pct":86.77},"branches":{"total":95,"covered":70,"skipped":0,"pct":73.68}}
,"/Users/alvinshen/Documents/Workspace/AI-Vibe-Coding-for-Video/src/components/StoryInput.tsx": {"lines":{"total":122,"covered":103,"skipped":0,"pct":84.42},"functions":{"total":4,"covered":4,"skipped":0,"pct":100},"statements":{"total":122,"covered":103,"skipped":0,"pct":84.42},"branches":{"total":28,"covered":16,"skipped":0,"pct":57.14}}
,"/Users/alvinshen/Documents/Workspace/AI-Vibe-Coding-for-Video/src/components/StylePanel.tsx": {"lines":{"total":109,"covered":77,"skipped":0,"pct":70.64},"functions":{"total":10,"covered":6,"skipped":0,"pct":60},"statements":{"total":109,"covered":77,"skipped":0,"pct":70.64},"branches":{"total":24,"covered":17,"skipped":0,"pct":70.83}}
,"/Users/alvinshen/Documents/Workspace/AI-Vibe-Coding-for-Video/src/core/characterProfile.ts": {"lines":{"total":76,"covered":76,"skipped":0,"pct":100},"functions":{"total":3,"covered":3,"skipped":0,"pct":100},"statements":{"total":76,"covered":76,"skipped":0,"pct":100},"branches":{"total":7,"covered":5,"skipped":0,"pct":71.42}}
,"/Users/alvinshen/Documents/Workspace/AI-Vibe-Coding-for-Video/src/core/characters.ts": {"lines":{"total":85,"covered":77,"skipped":0,"pct":90.58},"functions":{"total":8,"covered":8,"skipped":0,"pct":100},"statements":{"total":85,"covered":77,"skipped":0,"pct":90.58},"branches":{"total":53,"covered":45,"skipped":0,"pct":84.9}}
,"/Users/alvinshen/Documents/Workspace/AI-Vibe-Coding-for-Video/src/core/config.ts": {"lines":{"total":21,"covered":21,"skipped":0,"pct":100},"functions":{"total":0,"covered":0,"skipped":0,"pct":100},"statements":{"total":21,"covered":21,"skipped":0,"pct":100},"branches":{"total":0,"covered":0,"skipped":0,"pct":100}}
,"/Users/alvinshen/Documents/Workspace/AI-Vibe-Coding-for-Video/src/core/crypto.ts": {"lines":{"total":99,"covered":99,"skipped":0,"pct":100},"functions":{"total":21,"covered":17,"skipped":0,"pct":80.95},"statements":{"total":99,"covered":99,"skipped":0,"pct":100},"branches":{"total":28,"covered":28,"skipped":0,"pct":100}}
,"/Users/alvinshen/Documents/Workspace/AI-Vibe-Coding-for-Video/src/core/defaults.ts": {"lines":{"total":25,"covered":25,"skipped":0,"pct":100},"functions":{"total":3,"covered":3,"skipped":0,"pct":100},"statements":{"total":25,"covered":25,"skipped":0,"pct":100},"branches":{"total":3,"covered":3,"skipped":0,"pct":100}}
,"/Users/alvinshen/Documents/Workspace/AI-Vibe-Coding-for-Video/src/core/export.ts": {"lines":{"total":210,"covered":199,"skipped":0,"pct":94.76},"functions":{"total":16,"covered":16,"skipped":0,"pct":100},"statements":{"total":210,"covered":199,"skipped":0,"pct":94.76},"branches":{"total":102,"covered":94,"skipped":0,"pct":92.15}}
,"/Users/alvinshen/Documents/Workspace/AI-Vibe-Coding-for-Video/src/core/migrations.ts": {"lines":{"total":41,"covered":41,"skipped":0,"pct":100},"functions":{"total":6,"covered":6,"skipped":0,"pct":100},"statements":{"total":41,"covered":41,"skipped":0,"pct":100},"branches":{"total":27,"covered":26,"skipped":0,"pct":96.29}}
,"/Users/alvinshen/Documents/Workspace/AI-Vibe-Coding-for-Video/src/core/models.ts": {"lines":{"total":10,"covered":10,"skipped":0,"pct":100},"functions":{"total":2,"covered":2,"skipped":0,"pct":100},"statements":{"total":10,"covered":10,"skipped":0,"pct":100},"branches":{"total":4,"covered":4,"skipped":0,"pct":100}}
,"/Users/alvinshen/Documents/Workspace/AI-Vibe-Coding-for-Video/src/core/parse.ts": {"lines":{"total":283,"covered":280,"skipped":0,"pct":98.93},"functions":{"total":18,"covered":18,"skipped":0,"pct":100},"statements":{"total":283,"covered":280,"skipped":0,"pct":98.93},"branches":{"total":184,"covered":166,"skipped":0,"pct":90.21}}
,"/Users/alvinshen/Documents/Workspace/AI-Vibe-Coding-for-Video/src/core/providerPresets.ts": {"lines":{"total":34,"covered":34,"skipped":0,"pct":100},"functions":{"total":4,"covered":4,"skipped":0,"pct":100},"statements":{"total":34,"covered":34,"skipped":0,"pct":100},"branches":{"total":19,"covered":19,"skipped":0,"pct":100}}
,"/Users/alvinshen/Documents/Workspace/AI-Vibe-Coding-for-Video/src/core/shotOps.ts": {"lines":{"total":53,"covered":53,"skipped":0,"pct":100},"functions":{"total":8,"covered":8,"skipped":0,"pct":100},"statements":{"total":53,"covered":53,"skipped":0,"pct":100},"branches":{"total":25,"covered":25,"skipped":0,"pct":100}}
,"/Users/alvinshen/Documents/Workspace/AI-Vibe-Coding-for-Video/src/core/shotParams.ts": {"lines":{"total":24,"covered":24,"skipped":0,"pct":100},"functions":{"total":3,"covered":3,"skipped":0,"pct":100},"statements":{"total":24,"covered":24,"skipped":0,"pct":100},"branches":{"total":9,"covered":6,"skipped":0,"pct":66.66}}
,"/Users/alvinshen/Documents/Workspace/AI-Vibe-Coding-for-Video/src/core/style.ts": {"lines":{"total":53,"covered":53,"skipped":0,"pct":100},"functions":{"total":5,"covered":5,"skipped":0,"pct":100},"statements":{"total":53,"covered":53,"skipped":0,"pct":100},"branches":{"total":31,"covered":27,"skipped":0,"pct":87.09}}
,"/Users/alvinshen/Documents/Workspace/AI-Vibe-Coding-for-Video/src/core/styleProfile.ts": {"lines":{"total":45,"covered":45,"skipped":0,"pct":100},"functions":{"total":3,"covered":3,"skipped":0,"pct":100},"statements":{"total":45,"covered":45,"skipped":0,"pct":100},"branches":{"total":7,"covered":5,"skipped":0,"pct":71.42}}
,"/Users/alvinshen/Documents/Workspace/AI-Vibe-Coding-for-Video/src/core/tokens.ts": {"lines":{"total":37,"covered":37,"skipped":0,"pct":100},"functions":{"total":3,"covered":3,"skipped":0,"pct":100},"statements":{"total":37,"covered":37,"skipped":0,"pct":100},"branches":{"total":15,"covered":14,"skipped":0,"pct":93.33}}
,"/Users/alvinshen/Documents/Workspace/AI-Vibe-Coding-for-Video/src/core/transitions.ts": {"lines":{"total":13,"covered":13,"skipped":0,"pct":100},"functions":{"total":1,"covered":1,"skipped":0,"pct":100},"statements":{"total":13,"covered":13,"skipped":0,"pct":100},"branches":{"total":6,"covered":6,"skipped":0,"pct":100}}
,"/Users/alvinshen/Documents/Workspace/AI-Vibe-Coding-for-Video/src/core/validate.ts": {"lines":{"total":40,"covered":38,"skipped":0,"pct":95},"functions":{"total":4,"covered":4,"skipped":0,"pct":100},"statements":{"total":40,"covered":38,"skipped":0,"pct":95},"branches":{"total":31,"covered":29,"skipped":0,"pct":93.54}}
,"/Users/alvinshen/Documents/Workspace/AI-Vibe-Coding-for-Video/src/lib/retry.ts": {"lines":{"total":25,"covered":25,"skipped":0,"pct":100},"functions":{"total":2,"covered":1,"skipped":0,"pct":50},"statements":{"total":25,"covered":25,"skipped":0,"pct":100},"branches":{"total":17,"covered":17,"skipped":0,"pct":100}}
,"/Users/alvinshen/Documents/Workspace/AI-Vibe-Coding-for-Video/src/prompts/bgm.ts": {"lines":{"total":26,"covered":26,"skipped":0,"pct":100},"functions":{"total":3,"covered":3,"skipped":0,"pct":100},"statements":{"total":26,"covered":26,"skipped":0,"pct":100},"branches":{"total":9,"covered":8,"skipped":0,"pct":88.88}}
,"/Users/alvinshen/Documents/Workspace/AI-Vibe-Coding-for-Video/src/prompts/characters.ts": {"lines":{"total":51,"covered":49,"skipped":0,"pct":96.07},"functions":{"total":3,"covered":3,"skipped":0,"pct":100},"statements":{"total":51,"covered":49,"skipped":0,"pct":96.07},"branches":{"total":14,"covered":6,"skipped":0,"pct":42.85}}
,"/Users/alvinshen/Documents/Workspace/AI-Vibe-Coding-for-Video/src/prompts/firstFrame.ts": {"lines":{"total":41,"covered":41,"skipped":0,"pct":100},"functions":{"total":2,"covered":2,"skipped":0,"pct":100},"statements":{"total":41,"covered":41,"skipped":0,"pct":100},"branches":{"total":24,"covered":22,"skipped":0,"pct":91.66}}
,"/Users/alvinshen/Documents/Workspace/AI-Vibe-Coding-for-Video/src/prompts/rewrite.ts": {"lines":{"total":76,"covered":68,"skipped":0,"pct":89.47},"functions":{"total":4,"covered":4,"skipped":0,"pct":100},"statements":{"total":76,"covered":68,"skipped":0,"pct":89.47},"branches":{"total":18,"covered":14,"skipped":0,"pct":77.77}}
,"/Users/alvinshen/Documents/Workspace/AI-Vibe-Coding-for-Video/src/prompts/sanitize.ts": {"lines":{"total":5,"covered":5,"skipped":0,"pct":100},"functions":{"total":1,"covered":1,"skipped":0,"pct":100},"statements":{"total":5,"covered":5,"skipped":0,"pct":100},"branches":{"total":5,"covered":5,"skipped":0,"pct":100}}
,"/Users/alvinshen/Documents/Workspace/AI-Vibe-Coding-for-Video/src/prompts/storyboard.ts": {"lines":{"total":65,"covered":65,"skipped":0,"pct":100},"functions":{"total":4,"covered":4,"skipped":0,"pct":100},"statements":{"total":65,"covered":65,"skipped":0,"pct":100},"branches":{"total":17,"covered":17,"skipped":0,"pct":100}}
,"/Users/alvinshen/Documents/Workspace/AI-Vibe-Coding-for-Video/src/prompts/style.ts": {"lines":{"total":42,"covered":38,"skipped":0,"pct":90.47},"functions":{"total":3,"covered":3,"skipped":0,"pct":100},"statements":{"total":42,"covered":38,"skipped":0,"pct":90.47},"branches":{"total":12,"covered":7,"skipped":0,"pct":58.33}}
,"/Users/alvinshen/Documents/Workspace/AI-Vibe-Coding-for-Video/src/prompts/transition.ts": {"lines":{"total":35,"covered":35,"skipped":0,"pct":100},"functions":{"total":2,"covered":2,"skipped":0,"pct":100},"statements":{"total":35,"covered":35,"skipped":0,"pct":100},"branches":{"total":10,"covered":8,"skipped":0,"pct":80}}
,"/Users/alvinshen/Documents/Workspace/AI-Vibe-Coding-for-Video/src/prompts/translate.ts": {"lines":{"total":12,"covered":12,"skipped":0,"pct":100},"functions":{"total":1,"covered":1,"skipped":0,"pct":100},"statements":{"total":12,"covered":12,"skipped":0,"pct":100},"branches":{"total":3,"covered":3,"skipped":0,"pct":100}}
,"/Users/alvinshen/Documents/Workspace/AI-Vibe-Coding-for-Video/src/prompts/templates/cinematic-en.ts": {"lines":{"total":22,"covered":22,"skipped":0,"pct":100},"functions":{"total":1,"covered":1,"skipped":0,"pct":100},"statements":{"total":22,"covered":22,"skipped":0,"pct":100},"branches":{"total":5,"covered":5,"skipped":0,"pct":100}}
,"/Users/alvinshen/Documents/Workspace/AI-Vibe-Coding-for-Video/src/prompts/templates/index.ts": {"lines":{"total":17,"covered":17,"skipped":0,"pct":100},"functions":{"total":2,"covered":2,"skipped":0,"pct":100},"statements":{"total":17,"covered":17,"skipped":0,"pct":100},"branches":{"total":7,"covered":7,"skipped":0,"pct":100}}
,"/Users/alvinshen/Documents/Workspace/AI-Vibe-Coding-for-Video/src/prompts/templates/jimeng-keling-zh.ts": {"lines":{"total":18,"covered":18,"skipped":0,"pct":100},"functions":{"total":1,"covered":1,"skipped":0,"pct":100},"statements":{"total":18,"covered":18,"skipped":0,"pct":100},"branches":{"total":4,"covered":3,"skipped":0,"pct":75}}
,"/Users/alvinshen/Documents/Workspace/AI-Vibe-Coding-for-Video/src/prompts/templates/modelWords.ts": {"lines":{"total":31,"covered":31,"skipped":0,"pct":100},"functions":{"total":1,"covered":1,"skipped":0,"pct":100},"statements":{"total":31,"covered":31,"skipped":0,"pct":100},"branches":{"total":4,"covered":4,"skipped":0,"pct":100}}
,"/Users/alvinshen/Documents/Workspace/AI-Vibe-Coding-for-Video/src/services/batch.ts": {"lines":{"total":45,"covered":42,"skipped":0,"pct":93.33},"functions":{"total":4,"covered":4,"skipped":0,"pct":100},"statements":{"total":45,"covered":42,"skipped":0,"pct":93.33},"branches":{"total":16,"covered":13,"skipped":0,"pct":81.25}}
,"/Users/alvinshen/Documents/Workspace/AI-Vibe-Coding-for-Video/src/services/characterLibrary.ts": {"lines":{"total":59,"covered":58,"skipped":0,"pct":98.3},"functions":{"total":6,"covered":6,"skipped":0,"pct":100},"statements":{"total":59,"covered":58,"skipped":0,"pct":98.3},"branches":{"total":19,"covered":13,"skipped":0,"pct":68.42}}
,"/Users/alvinshen/Documents/Workspace/AI-Vibe-Coding-for-Video/src/services/characterSuggest.ts": {"lines":{"total":46,"covered":46,"skipped":0,"pct":100},"functions":{"total":5,"covered":5,"skipped":0,"pct":100},"statements":{"total":46,"covered":46,"skipped":0,"pct":100},"branches":{"total":7,"covered":7,"skipped":0,"pct":100}}
,"/Users/alvinshen/Documents/Workspace/AI-Vibe-Coding-for-Video/src/services/clipboard.ts": {"lines":{"total":13,"covered":13,"skipped":0,"pct":100},"functions":{"total":1,"covered":1,"skipped":0,"pct":100},"statements":{"total":13,"covered":13,"skipped":0,"pct":100},"branches":{"total":5,"covered":5,"skipped":0,"pct":100}}
,"/Users/alvinshen/Documents/Workspace/AI-Vibe-Coding-for-Video/src/services/collections.ts": {"lines":{"total":93,"covered":91,"skipped":0,"pct":97.84},"functions":{"total":11,"covered":11,"skipped":0,"pct":100},"statements":{"total":93,"covered":91,"skipped":0,"pct":97.84},"branches":{"total":48,"covered":45,"skipped":0,"pct":93.75}}
,"/Users/alvinshen/Documents/Workspace/AI-Vibe-Coding-for-Video/src/services/connectionTest.ts": {"lines":{"total":68,"covered":64,"skipped":0,"pct":94.11},"functions":{"total":4,"covered":3,"skipped":0,"pct":75},"statements":{"total":68,"covered":64,"skipped":0,"pct":94.11},"branches":{"total":30,"covered":24,"skipped":0,"pct":80}}
,"/Users/alvinshen/Documents/Workspace/AI-Vibe-Coding-for-Video/src/services/generation.ts": {"lines":{"total":401,"covered":378,"skipped":0,"pct":94.26},"functions":{"total":33,"covered":31,"skipped":0,"pct":93.93},"statements":{"total":401,"covered":378,"skipped":0,"pct":94.26},"branches":{"total":142,"covered":132,"skipped":0,"pct":92.95}}
,"/Users/alvinshen/Documents/Workspace/AI-Vibe-Coding-for-Video/src/services/keyVault.ts": {"lines":{"total":65,"covered":61,"skipped":0,"pct":93.84},"functions":{"total":11,"covered":11,"skipped":0,"pct":100},"statements":{"total":65,"covered":61,"skipped":0,"pct":93.84},"branches":{"total":24,"covered":22,"skipped":0,"pct":91.66}}
,"/Users/alvinshen/Documents/Workspace/AI-Vibe-Coding-for-Video/src/services/llmLock.ts": {"lines":{"total":33,"covered":33,"skipped":0,"pct":100},"functions":{"total":5,"covered":5,"skipped":0,"pct":100},"statements":{"total":33,"covered":33,"skipped":0,"pct":100},"branches":{"total":12,"covered":11,"skipped":0,"pct":91.66}}
,"/Users/alvinshen/Documents/Workspace/AI-Vibe-Coding-for-Video/src/services/permissions.ts": {"lines":{"total":33,"covered":29,"skipped":0,"pct":87.87},"functions":{"total":4,"covered":4,"skipped":0,"pct":100},"statements":{"total":33,"covered":29,"skipped":0,"pct":87.87},"branches":{"total":17,"covered":14,"skipped":0,"pct":82.35}}
,"/Users/alvinshen/Documents/Workspace/AI-Vibe-Coding-for-Video/src/services/projectDrafts.ts": {"lines":{"total":33,"covered":33,"skipped":0,"pct":100},"functions":{"total":6,"covered":6,"skipped":0,"pct":100},"statements":{"total":33,"covered":33,"skipped":0,"pct":100},"branches":{"total":16,"covered":11,"skipped":0,"pct":68.75}}
,"/Users/alvinshen/Documents/Workspace/AI-Vibe-Coding-for-Video/src/services/storage.ts": {"lines":{"total":242,"covered":218,"skipped":0,"pct":90.08},"functions":{"total":23,"covered":22,"skipped":0,"pct":95.65},"statements":{"total":242,"covered":218,"skipped":0,"pct":90.08},"branches":{"total":100,"covered":94,"skipped":0,"pct":94}}
,"/Users/alvinshen/Documents/Workspace/AI-Vibe-Coding-for-Video/src/services/styleSuggest.ts": {"lines":{"total":46,"covered":46,"skipped":0,"pct":100},"functions":{"total":5,"covered":5,"skipped":0,"pct":100},"statements":{"total":46,"covered":46,"skipped":0,"pct":100},"branches":{"total":7,"covered":7,"skipped":0,"pct":100}}
,"/Users/alvinshen/Documents/Workspace/AI-Vibe-Coding-for-Video/src/services/llm/anthropic.ts": {"lines":{"total":105,"covered":62,"skipped":0,"pct":59.04},"functions":{"total":7,"covered":5,"skipped":0,"pct":71.42},"statements":{"total":105,"covered":62,"skipped":0,"pct":59.04},"branches":{"total":15,"covered":6,"skipped":0,"pct":40}}
,"/Users/alvinshen/Documents/Workspace/AI-Vibe-Coding-for-Video/src/services/llm/openaiCompatible.ts": {"lines":{"total":137,"covered":125,"skipped":0,"pct":91.24},"functions":{"total":11,"covered":11,"skipped":0,"pct":100},"statements":{"total":137,"covered":125,"skipped":0,"pct":91.24},"branches":{"total":63,"covered":55,"skipped":0,"pct":87.3}}
,"/Users/alvinshen/Documents/Workspace/AI-Vibe-Coding-for-Video/src/services/llm/provider.ts": {"lines":{"total":40,"covered":37,"skipped":0,"pct":92.5},"functions":{"total":4,"covered":3,"skipped":0,"pct":75},"statements":{"total":40,"covered":37,"skipped":0,"pct":92.5},"branches":{"total":25,"covered":25,"skipped":0,"pct":100}}
,"/Users/alvinshen/Documents/Workspace/AI-Vibe-Coding-for-Video/src/sidepanel/App.tsx": {"lines":{"total":84,"covered":0,"skipped":0,"pct":0},"functions":{"total":1,"covered":0,"skipped":0,"pct":0},"statements":{"total":84,"covered":0,"skipped":0,"pct":0},"branches":{"total":1,"covered":0,"skipped":0,"pct":0}}
,"/Users/alvinshen/Documents/Workspace/AI-Vibe-Coding-for-Video/src/sidepanel/main.tsx": {"lines":{"total":12,"covered":0,"skipped":0,"pct":0},"functions":{"total":1,"covered":0,"skipped":0,"pct":0},"statements":{"total":12,"covered":0,"skipped":0,"pct":0},"branches":{"total":1,"covered":0,"skipped":0,"pct":0}}
,"/Users/alvinshen/Documents/Workspace/AI-Vibe-Coding-for-Video/src/sidepanel/projectStore.tsx": {"lines":{"total":125,"covered":106,"skipped":0,"pct":84.8},"functions":{"total":22,"covered":19,"skipped":0,"pct":86.36},"statements":{"total":125,"covered":106,"skipped":0,"pct":84.8},"branches":{"total":38,"covered":34,"skipped":0,"pct":89.47}}
}
